<?xml version="1.0" encoding="UTF-8"?>
<testsuite xmlns:xsi="http://www.w3.org/2001/XMLSchema-instance" xsi:noNamespaceSchemaLocation="https://maven.apache.org/surefire/maven-surefire-plugin/xsd/surefire-test-report-3.0.xsd" version="3.0" name="sorting.LeftBinarySearchTest" time="0.93" tests="3" errors="0" skipped="0" failures="0">
  <properties>
[...]
</properties>
  <testcase name="testGetTargetIndexFromBinary" classname="sorting.LeftBinarySearchTest" time="0.902">
    <system-out><![CDATA[2023-03-12T00:20:12.379-0500 INFO Array: [2, 3, 5, 7, 11, 13, 17, 19, 23, 29, 31, 37, 41, 43, 47, 53, 59, 61, 67, 71, 73, 79, 83, 89, 97]
2023-03-12T00:20:12.380-0500 INFO Target: 13
2023-03-12T00:20:12.381-0500 INFO GO LEFT
2023-03-12T00:20:12.381-0500 INFO GO LEFT
2023-03-12T00:20:12.382-0500 INFO GO RIGHT
2023-03-12T00:20:12.382-0500 INFO GO LEFT
2023-03-12T00:20:12.382-0500 INFO GO RIGHT
2023-03-12T00:20:12.382-0500 INFO Completed in 5 iterations
2023-03-12T00:20:12.498-0500 INFO Array: [2, 3, 5, 7, 11, 13, 17, 19, 23, 29, 31, 37, 41, 43, 47, 53, 59, 61, 67, 71, 73, 79, 83, 89, 97]
2023-03-12T00:20:12.498-0500 INFO Target: 2
2023-03-12T00:20:12.498-0500 INFO GO LEFT
2023-03-12T00:20:12.498-0500 INFO GO LEFT
2023-03-12T00:20:12.498-0500 INFO GO LEFT
2023-03-12T00:20:12.499-0500 INFO GO LEFT
2023-03-12T00:20:12.499-0500 INFO GO LEFT
2023-03-12T00:20:12.499-0500 INFO Completed in 5 iterations
2023-03-12T00:20:12.499-0500 INFO Array: [2, 3, 5, 7, 11, 13, 17, 19, 23, 29, 31, 37, 41, 43, 47, 53, 59, 61, 67, 71, 73, 79, 83, 89, 97]
2023-03-12T00:20:12.499-0500 INFO Target: 97
2023-03-12T00:20:12.499-0500 INFO GO RIGHT
2023-03-12T00:20:12.499-0500 INFO GO RIGHT
2023-03-12T00:20:12.499-0500 INFO GO RIGHT
2023-03-12T00:20:12.499-0500 INFO GO LEFT
2023-03-12T00:20:12.499-0500 INFO GO RIGHT
2023-03-12T00:20:12.500-0500 INFO Completed in 5 iterations
2023-03-12T00:20:12.500-0500 INFO Array: [2, 3, 5, 7, 11, 13, 17, 19, 23, 29, 31, 37, 41, 43, 47, 53, 59, 61, 67, 71, 73, 79, 83, 89, 97]
2023-03-12T00:20:12.500-0500 INFO Target: 18
2023-03-12T00:20:12.500-0500 INFO GO LEFT
2023-03-12T00:20:12.500-0500 INFO GO RIGHT
2023-03-12T00:20:12.500-0500 INFO GO LEFT
2023-03-12T00:20:12.500-0500 INFO GO LEFT
2023-03-12T00:20:12.500-0500 INFO GO LEFT
2023-03-12T00:20:12.500-0500 INFO Completed in 5 iterations
2023-03-12T00:20:12.501-0500 INFO Array: [2, 3, 5, 7, 11, 13, 17, 19, 23, 29, 31, 37, 41, 43, 47, 53, 59, 61, 67, 71, 73, 79, 83, 89, 97]
2023-03-12T00:20:12.501-0500 INFO Target: -1
2023-03-12T00:20:12.502-0500 INFO GO LEFT
2023-03-12T00:20:12.502-0500 INFO GO LEFT
2023-03-12T00:20:12.502-0500 INFO GO LEFT
2023-03-12T00:20:12.502-0500 INFO GO LEFT
2023-03-12T00:20:12.502-0500 INFO GO LEFT
2023-03-12T00:20:12.502-0500 INFO Completed in 5 iterations
2023-03-12T00:20:12.502-0500 INFO Array: [2, 3, 5, 7, 11, 13, 17, 19, 23, 29, 31, 37, 41, 43, 47, 53, 59, 61, 67, 71, 73, 79, 83, 89, 97]
2023-03-12T00:20:12.502-0500 INFO Target: 10000
2023-03-12T00:20:12.502-0500 INFO GO RIGHT
2023-03-12T00:20:12.502-0500 INFO GO RIGHT
2023-03-12T00:20:12.503-0500 INFO GO RIGHT
2023-03-12T00:20:12.503-0500 INFO GO RIGHT
2023-03-12T00:20:12.503-0500 INFO Completed in 4 iterations
]]></system-out>
  </testcase>
  <testcase name="testJavaBinarySearch" classname="sorting.LeftBinarySearchTest" time="0.001"/>
  <testcase name="testCustomBinarySearch" classname="sorting.LeftBinarySearchTest" time="0"/>
</testsuite>